<?xml version="1.0" encoding="UTF-8" ?>
<testsuite errors="0" failures="0" hostname="DESKTOP-S9SIMAN" name="cz.blocksolver.tests.port.InputPortTest" skipped="0" tests="3" time="0.162" timestamp="2018-04-03T19:03:53">
  <properties>
[...]
</properties>
  <testcase classname="cz.blocksolver.tests.port.InputPortTest" name="inputTwoEqualInputsPort" time="0.003" />
  <testcase classname="cz.blocksolver.tests.port.InputPortTest" name="inputHashTest" time="0.0" />
  <testcase classname="cz.blocksolver.tests.port.InputPortTest" name="inputPortToString" time="0.0" />
  <system-out><![CDATA[]]></system-out>
  <system-err><![CDATA[]]></system-err>
</testsuite>
